[2025-11-06T13:06:59.799Z] [chat:ljvl8fmhnfy5p2] ====== NEW REQUEST ======
[2025-11-06T13:12:29.005Z] [chat:zlvuhimhng57pp] ====== NEW REQUEST ======
[2025-11-06T13:18:49.058Z] [chat:46sqlbmhngdcyq] ====== NEW REQUEST ======
[2025-11-06T13:26:46.454Z] [chat:546axnmhngnlbp] ====== NEW REQUEST ======
[2025-11-06T13:31:52.602Z] [chat:j63enmmhngu5jt] ====== NEW REQUEST ======
[2025-11-06T15:22:13.113Z] [chat:xo0bebmhnks1yx] ====== NEW REQUEST ======
[2025-11-06T15:39:06.256Z] [chat:mkr0m4mhnldrpr] ====== NEW REQUEST ======
[2025-11-06T15:47:23.986Z] [chat:5f76tlmhnlofrm] ====== NEW REQUEST ======
[2025-11-06T15:56:55.180Z] [chat:veqexymhnm0oi4] ====== NEW REQUEST ======
[2025-11-06T16:16:55.517Z] [chat:nquq1vmhnmqeos] ====== NEW REQUEST ======
[2025-11-06T16:20:31.194Z] [chat:wetn8mmhnmv13t] ====== NEW REQUEST ======
[2025-11-06T16:23:05.761Z] [chat:5c7tanmhnmycdc] ====== NEW REQUEST ======
[2025-11-06T16:24:24.763Z] [chat:erouuvmhnn01bv] ====== NEW REQUEST ======
[2025-11-06T16:31:32.749Z] [chat:qpef7omhnn97kc] ====== NEW REQUEST ======
[2025-11-06T16:35:55.324Z] [chat:2plszfmhnneu63] ====== NEW REQUEST ======
[2025-11-06T16:44:05.756Z] [chat:rcevrgmhnnpcl7] ====== NEW REQUEST ======
[2025-11-06T16:52:19.773Z] [chat:792i5rmhnnzxrv] ====== NEW REQUEST ======
[2025-11-06T16:59:54.805Z] [chat:99hfz6mhno9ovp] ====== NEW REQUEST ======
[2025-11-06T17:24:51.852Z] [chat:csj1rpmhnp5s0b] ====== NEW REQUEST ======
[2025-11-06T17:30:34.458Z] [chat:3vvybqmhnpd4d6] ====== NEW REQUEST ======
[2025-11-06T20:17:21.547Z] [chat:0n1vobmhnvblvu] ====== NEW REQUEST ======
[2025-11-06T20:37:44.942Z] [chat:g07habmhnw1tv2] ====== NEW REQUEST ======
[2025-11-06T20:59:54.518Z] [chat:d31bz1mhnwubrp] ====== NEW REQUEST ======
[2025-11-06T21:10:12.766Z] [chat:2zw6zamhnx7kta] ====== NEW REQUEST ======
[2025-11-06T21:29:54.590Z] [chat:k1xayvmhnxwwpq] ====== NEW REQUEST ======
[2025-11-06T21:31:48.008Z] [chat:z2s2rwmhnxzc88] ====== NEW REQUEST ======
[2025-11-07T04:46:21.200Z] [chat:zno7odmhodi6fj] ====== NEW REQUEST ======
[2025-11-07T04:51:11.678Z] [chat:1mfgj7mhodoekd] ====== NEW REQUEST ======
[2025-11-07T05:31:15.737Z] [chat:11ptl2mhof3xjs] ====== NEW REQUEST ======
[2025-11-07T05:53:08.489Z] [chat:7b50cmmhofw2h4] ====== NEW REQUEST ======
[2025-11-07T05:57:45.141Z] [chat:6nnndymhog1zxw] ====== NEW REQUEST ======
[2025-11-07T06:04:28.580Z] [chat:6ydmr8mhogan8j] ====== NEW REQUEST ======
[2025-11-07T06:18:05.561Z] [chat:ec46f3mhogs5mh] ====== NEW REQUEST ======
[2025-11-07T06:21:46.624Z] [chat:dkerd8mhogww74] ====== NEW REQUEST ======
[2025-11-07T06:37:00.440Z] [chat:2amjclmhohghav] ====== NEW REQUEST ======
[2025-11-07T06:48:55.195Z] [chat:yy3h36mhohvst6] ====== NEW REQUEST ======
[2025-11-07T07:32:11.573Z] [chat:lx210amhojfg6t] ====== NEW REQUEST ======
[2025-11-07T09:41:22.265Z] [chat:0eckegmhoo1knt] ====== NEW REQUEST ======
[2025-11-07T10:03:06.974Z] [chat:l2f58omhootjdq] ====== NEW REQUEST ======
[2025-11-07T10:11:16.512Z] [chat:cn9cyjmhop413z] ====== NEW REQUEST ======
[2025-11-07T10:22:25.627Z] [chat:zf64m7mhopidei] ====== NEW REQUEST ======
[2025-11-07T10:27:57.681Z] [chat:jf6chvmhopphm8] ====== NEW REQUEST ======
[2025-11-07T10:39:00.370Z] [chat:hd7o8jmhoq3oy9] ====== NEW REQUEST ======
[2025-11-07T10:59:01.956Z] [chat:ib8cpumhoqtg3n] ====== NEW REQUEST ======
[2025-11-07T11:11:22.992Z] [chat:ewzx8mmhor9bvz] ====== NEW REQUEST ======
[2025-11-07T11:35:02.397Z] [chat:1959zomhos3r3x] ====== NEW REQUEST ======
[2025-11-07T11:44:38.106Z] [chat:69co53mhosg3bq] ====== NEW REQUEST ======
[2025-11-07T11:47:53.926Z] [chat:g2evs8mhoskaf9] ====== NEW REQUEST ======
[2025-11-07T11:51:30.936Z] [chat:873e8emhosoxvb] ====== NEW REQUEST ======
[2025-11-07T11:52:55.800Z] [chat:04wl4zmhosqrcl] ====== NEW REQUEST ======
[2025-11-07T12:05:07.477Z] [chat:8zr06jmhot6fx0] ====== NEW REQUEST ======
[2025-11-07T12:09:22.146Z] [chat:75innvmhotbwf5] ====== NEW REQUEST ======
[2025-11-07T12:15:30.918Z] [chat:f4xdpsmhotjsyt] ====== NEW REQUEST ======
[2025-11-07T12:20:18.958Z] [chat:iqjlqimhotpz7y] ====== NEW REQUEST ======
[2025-11-07T12:31:25.733Z] [chat:ikii3wmhou49ph] ====== NEW REQUEST ======
[2025-11-07T12:42:44.371Z] [chat:oqcaykmhouitci] ====== NEW REQUEST ======
[2025-11-07T12:43:18.658Z] [chat:qfpfwpmhoujjsy] ====== NEW REQUEST ======
[2025-11-07T12:48:56.684Z] [chat:b1jyazmhouqsmj] ====== NEW REQUEST ======
[2025-11-07T12:50:43.985Z] [chat:kasyccmhout3f4] ====== NEW REQUEST ======
[2025-11-07T13:02:04.386Z] [chat:3t4qimmhov7of4] ====== NEW REQUEST ======
[2025-11-07T13:21:09.739Z] [chat:34snrymhovw86j] ====== NEW REQUEST ======
[2025-11-07T13:25:21.944Z] [chat:gevv5cmhow1ms3] ====== NEW REQUEST ======
[2025-11-07T13:33:29.275Z] [chat:8mcz29mhowc2t6] ====== NEW REQUEST ======
[2025-11-07T13:37:36.633Z] [chat:omco7bmhowhdo8] ====== NEW REQUEST ======
[2025-11-07T13:40:19.457Z] [chat:le5p50mhowkvax] ====== NEW REQUEST ======
[2025-11-07T13:44:09.349Z] [chat:hhzduqmhowpsou] ====== NEW REQUEST ======
[2025-11-07T14:13:11.522Z] [chat:im6mldmhoxr4yp] ====== NEW REQUEST ======
[2025-11-07T14:23:19.544Z] [chat:bbadlnmhoy4647] ====== NEW REQUEST ======
[2025-11-07T14:35:51.442Z] [chat:c1srikmhoykaa9] ====== NEW REQUEST ======
[2025-11-07T15:06:32.063Z] [chat:b2cbiumhoznqim] ====== NEW REQUEST ======
[2025-11-07T20:27:23.978Z] [chat:hv89jxmhpb4de1] ====== NEW REQUEST ======
[2025-11-07T20:51:57.658Z] [chat:ori9tgmhpbzyh7] ====== NEW REQUEST ======
[2025-11-07T20:52:52.651Z] [chat:r4v991mhpc14x7] ====== NEW REQUEST ======
[2025-11-07T21:18:00.728Z] [chat:75hi2umhpcxgk7] ====== NEW REQUEST ======
[2025-11-07T21:21:12.743Z] [chat:lcgodnmhpd1kpy] ====== NEW REQUEST ======
[2025-11-07T21:53:05.464Z] [chat:chnw1gmhpe6kl4] ====== NEW REQUEST ======
[2025-11-07T22:01:47.460Z] [chat:qj68xmmhpehrcw] ====== NEW REQUEST ======
[2025-11-07T22:07:16.701Z] [chat:7ldlcomhpeotel] ====== NEW REQUEST ======
[2025-11-07T22:14:19.729Z] [chat:p2rp9bmhpexvtc] ====== NEW REQUEST ======
[2025-11-07T22:49:55.991Z] [chat:qb1e33mhpg7o5y] ====== NEW REQUEST ======
[2025-11-07T23:25:59.967Z] [chat:sk7zpkmhphi1wf] ====== NEW REQUEST ======
[2025-11-08T13:37:21.227Z] [chat:nf4z90mhqbwwgb] ====== NEW REQUEST ======
[2025-11-08T13:46:31.906Z] [chat:46k7vbmhqc8pcx] ====== NEW REQUEST ======
[2025-11-08T14:16:03.231Z] [chat:auceqomhqdao4e] ====== NEW REQUEST ======
[2025-11-08T19:40:19.846Z] [chat:c4lkq6mhqovoxy] ====== NEW REQUEST ======
[2025-11-08T19:47:01.150Z] [chat:vijuy2mhqp4al9] ====== NEW REQUEST ======
[2025-11-08T19:50:42.311Z] [chat:l791dgmhqp918l] ====== NEW REQUEST ======
[2025-11-10T15:21:41.911Z] [chat:816uhumhtaisk7] ====== NEW REQUEST ======
[2025-11-10T15:51:36.733Z] [chat:cj0isqmhtbl9gc] ====== NEW REQUEST ======
[2025-11-10T16:04:02.796Z] [chat:iqwaoemhtc194b] ====== NEW REQUEST ======
